d:\studia\6_semestr\spd\lab\progdynamiczne\programowaniedynamiczne\debug\vc142.pdb
d:\studia\6_semestr\spd\lab\progdynamiczne\programowaniedynamiczne\debug\vc142.idb
d:\studia\6_semestr\spd\lab\progdynamiczne\programowaniedynamiczne\debug\pomoc.obj
d:\studia\6_semestr\spd\lab\progdynamiczne\programowaniedynamiczne\debug\main.obj
d:\studia\6_semestr\spd\lab\progdynamiczne\programowaniedynamiczne\debug\klasa.obj
d:\studia\6_semestr\spd\lab\witi\programowaniedynamiczne\debug\vc142.pdb
d:\studia\6_semestr\spd\lab\witi\programowaniedynamiczne\debug\vc142.idb
d:\studia\6_semestr\spd\lab\witi\programowaniedynamiczne\debug\przegladzupelny.obj
d:\studia\6_semestr\spd\lab\witi\programowaniedynamiczne\debug\main.obj
d:\studia\6_semestr\spd\lab\progdynamiczne\programowaniedynamiczne\debug\programowaniedynamiczne.ilk
d:\studia\6_semestr\spd\lab\progdynamiczne\programowaniedynamiczne\debug\programowaniedynamiczne.exe
d:\studia\6_semestr\spd\lab\progdynamiczne\programowaniedynamiczne\debug\programowaniedynamiczne.pdb
d:\studia\6_semestr\spd\lab\witi\programowaniedynamiczne\debug\klasa.obj
d:\studia\6_semestr\spd\lab\witi\programowaniedynamiczne\debug\pomoc.obj
d:\studia\6_semestr\spd\lab\witi\programowaniedynamiczne\debug\programowaniedynamiczne.pdb
d:\studia\6_semestr\spd\lab\witi\programowaniedynamiczne\debug\programo.6f81b4e0.tlog\cl.command.1.tlog
d:\studia\6_semestr\spd\lab\witi\programowaniedynamiczne\debug\programo.6f81b4e0.tlog\cl.read.1.tlog
d:\studia\6_semestr\spd\lab\witi\programowaniedynamiczne\debug\programo.6f81b4e0.tlog\cl.write.1.tlog
d:\studia\6_semestr\spd\lab\witi\programowaniedynamiczne\debug\programo.6f81b4e0.tlog\link-cvtres.read.1.tlog
d:\studia\6_semestr\spd\lab\witi\programowaniedynamiczne\debug\programo.6f81b4e0.tlog\link-cvtres.write.1.tlog
d:\studia\6_semestr\spd\lab\witi\programowaniedynamiczne\debug\programo.6f81b4e0.tlog\link-rc.read.1.tlog
d:\studia\6_semestr\spd\lab\witi\programowaniedynamiczne\debug\programo.6f81b4e0.tlog\link-rc.write.1.tlog
d:\studia\6_semestr\spd\lab\witi\programowaniedynamiczne\debug\programo.6f81b4e0.tlog\link.command.1.tlog
d:\studia\6_semestr\spd\lab\witi\programowaniedynamiczne\debug\programo.6f81b4e0.tlog\link.read.1.tlog
d:\studia\6_semestr\spd\lab\witi\programowaniedynamiczne\debug\programo.6f81b4e0.tlog\link.write.1.tlog
